[2026-06-20T19:25:50.935565] Company: ABB, Year: 2012-12, Metric: icr, Issue: Debt Free substitution (interest=0)
[2026-06-20T19:25:50.955563] Company: ABB, Year: 2014-03, Metric: icr, Issue: Debt Free substitution (interest=0)
[2026-06-20T19:25:50.980805] Company: ABB, Year: 2015-03, Metric: icr, Issue: Debt Free substitution (interest=0)
[2026-06-20T19:25:51.164874] Company: ADANIENSOL, Year: 2014-03, Metric: npm, Issue: Division by zero (sales=0)
[2026-06-20T19:25:51.165869] Company: ADANIENSOL, Year: 2014-03, Metric: opm, Issue: Division by zero (sales=0)
[2026-06-20T19:25:51.166773] Company: ADANIENSOL, Year: 2014-03, Metric: icr, Issue: Debt Free substitution (interest=0)
[2026-06-20T19:25:51.167829] Company: ADANIENSOL, Year: 2014-03, Metric: asset_turnover, Issue: Division by zero (total_assets=0)
[2026-06-20T19:25:51.216693] Company: ADANIENSOL, Year: 2017-03, Metric: sales_cagr_3yr, Issue: CAGR flag: ZERO_BASE (start=0, end=2876)
[2026-06-20T19:25:51.221693] Company: ADANIENSOL, Year: 2017-03, Metric: net_profit_cagr_3yr, Issue: CAGR flag: ZERO_BASE (start=0, end=416)
[2026-06-20T19:25:51.227715] Company: ADANIENSOL, Year: 2017-03, Metric: eps_cagr_3yr, Issue: CAGR flag: ZERO_BASE (start=0.0, end=4.0)
[2026-06-20T19:25:51.242415] Company: ADANIENSOL, Year: 2018-03, Metric: net_profit_cagr_3yr, Issue: CAGR flag: TURNAROUND (start=-7, end=1143)
[2026-06-20T19:25:51.248375] Company: ADANIENSOL, Year: 2018-03, Metric: eps_cagr_3yr, Issue: CAGR flag: ZERO_BASE (start=0.0, end=10.0)
[2026-06-20T19:25:51.259385] Company: ADANIENSOL, Year: 2019-03, Metric: sales_cagr_5yr, Issue: CAGR flag: ZERO_BASE (start=0, end=7305)
[2026-06-20T19:25:51.265389] Company: ADANIENSOL, Year: 2019-03, Metric: net_profit_cagr_5yr, Issue: CAGR flag: ZERO_BASE (start=0, end=559)
[2026-06-20T19:25:51.270384] Company: ADANIENSOL, Year: 2019-03, Metric: eps_cagr_5yr, Issue: CAGR flag: ZERO_BASE (start=0.0, end=5.0)
[2026-06-20T19:25:51.283882] Company: ADANIENSOL, Year: 2020-03, Metric: net_profit_cagr_5yr, Issue: CAGR flag: TURNAROUND (start=-7, end=706)
[2026-06-20T19:25:51.288896] Company: ADANIENSOL, Year: 2020-03, Metric: eps_cagr_5yr, Issue: CAGR flag: ZERO_BASE (start=0.0, end=7.0)
[2026-06-20T19:25:51.347372] Company: ADANIENSOL, Year: 2024-03, Metric: sales_cagr_10yr, Issue: CAGR flag: ZERO_BASE (start=0, end=16607)
[2026-06-20T19:25:51.353379] Company: ADANIENSOL, Year: 2024-03, Metric: net_profit_cagr_10yr, Issue: CAGR flag: ZERO_BASE (start=0, end=1196)
[2026-06-20T19:25:51.360386] Company: ADANIENSOL, Year: 2024-03, Metric: eps_cagr_10yr, Issue: CAGR flag: ZERO_BASE (start=0.0, end=10.0)
[2026-06-20T19:25:51.665702] Company: ADANIGREEN, Year: 2020-03, Metric: net_profit_cagr_3yr, Issue: CAGR flag: BOTH_NEGATIVE (start=-47, end=-68)
[2026-06-20T19:25:51.669706] Company: ADANIGREEN, Year: 2020-03, Metric: eps_cagr_3yr, Issue: CAGR flag: ZERO_BASE (start=0.0, end=0.0)
[2026-06-20T19:25:51.682432] Company: ADANIGREEN, Year: 2021-03, Metric: net_profit_cagr_3yr, Issue: CAGR flag: TURNAROUND (start=-138, end=182)
[2026-06-20T19:25:51.687277] Company: ADANIGREEN, Year: 2021-03, Metric: eps_cagr_3yr, Issue: CAGR flag: TURNAROUND (start=-1.0, end=1.0)
[2026-06-20T19:25:51.700391] Company: ADANIGREEN, Year: 2022-03, Metric: net_profit_cagr_3yr, Issue: CAGR flag: TURNAROUND (start=-475, end=489)
[2026-06-20T19:25:51.702392] Company: ADANIGREEN, Year: 2022-03, Metric: net_profit_cagr_5yr, Issue: CAGR flag: TURNAROUND (start=-47, end=489)
[2026-06-20T19:25:51.706387] Company: ADANIGREEN, Year: 2022-03, Metric: eps_cagr_3yr, Issue: CAGR flag: TURNAROUND (start=-3.0, end=3.0)
[2026-06-20T19:25:51.709347] Company: ADANIGREEN, Year: 2022-03, Metric: eps_cagr_5yr, Issue: CAGR flag: ZERO_BASE (start=0.0, end=3.0)
[2026-06-20T19:25:51.720494] Company: ADANIGREEN, Year: 2023-03, Metric: net_profit_cagr_3yr, Issue: CAGR flag: TURNAROUND (start=-68, end=973)
[2026-06-20T19:25:51.722499] Company: ADANIGREEN, Year: 2023-03, Metric: net_profit_cagr_5yr, Issue: CAGR flag: TURNAROUND (start=-138, end=973)
[2026-06-20T19:25:51.726497] Company: ADANIGREEN, Year: 2023-03, Metric: eps_cagr_3yr, Issue: CAGR flag: ZERO_BASE (start=0.0, end=6.0)
[2026-06-20T19:25:51.729181] Company: ADANIGREEN, Year: 2023-03, Metric: eps_cagr_5yr, Issue: CAGR flag: TURNAROUND (start=-1.0, end=6.0)
[2026-06-20T19:25:51.741916] Company: ADANIGREEN, Year: 2024-03, Metric: net_profit_cagr_5yr, Issue: CAGR flag: TURNAROUND (start=-475, end=1260)
[2026-06-20T19:25:51.748014] Company: ADANIGREEN, Year: 2024-03, Metric: eps_cagr_5yr, Issue: CAGR flag: TURNAROUND (start=-3.0, end=7.0)
[2026-06-20T19:25:52.080699] Company: ADANIPOWER, Year: 2016-03, Metric: net_profit_cagr_3yr, Issue: CAGR flag: TURNAROUND (start=-2295, end=551)
[2026-06-20T19:25:52.087817] Company: ADANIPOWER, Year: 2016-03, Metric: eps_cagr_3yr, Issue: CAGR flag: TURNAROUND (start=-10.0, end=2.0)
[2026-06-20T19:25:52.107634] Company: ADANIPOWER, Year: 2017-03, Metric: net_profit_cagr_3yr, Issue: CAGR flag: BOTH_NEGATIVE (start=-291, end=-6174)
[2026-06-20T19:25:52.115656] Company: ADANIPOWER, Year: 2017-03, Metric: eps_cagr_3yr, Issue: CAGR flag: BOTH_NEGATIVE (start=-1.0, end=-16.0)
[2026-06-20T19:25:52.129185] Company: ADANIPOWER, Year: 2018-03, Metric: net_profit_cagr_3yr, Issue: CAGR flag: BOTH_NEGATIVE (start=-816, end=-2103)
[2026-06-20T19:25:52.131202] Company: ADANIPOWER, Year: 2018-03, Metric: net_profit_cagr_5yr, Issue: CAGR flag: BOTH_NEGATIVE (start=-2295, end=-2103)
[2026-06-20T19:25:52.135192] Company: ADANIPOWER, Year: 2018-03, Metric: eps_cagr_3yr, Issue: CAGR flag: BOTH_NEGATIVE (start=-3.0, end=-5.0)
[2026-06-20T19:25:52.137197] Company: ADANIPOWER, Year: 2018-03, Metric: eps_cagr_5yr, Issue: CAGR flag: BOTH_NEGATIVE (start=-10.0, end=-5.0)
[2026-06-20T19:25:52.150186] Company: ADANIPOWER, Year: 2019-03, Metric: net_profit_cagr_3yr, Issue: CAGR flag: DECLINE_TO_LOSS (start=551, end=-984)
[2026-06-20T19:25:52.152187] Company: ADANIPOWER, Year: 2019-03, Metric: net_profit_cagr_5yr, Issue: CAGR flag: BOTH_NEGATIVE (start=-291, end=-984)
[2026-06-20T19:25:52.156186] Company: ADANIPOWER, Year: 2019-03, Metric: eps_cagr_3yr, Issue: CAGR flag: DECLINE_TO_LOSS (start=2.0, end=-3.0)
[2026-06-20T19:25:52.159182] Company: ADANIPOWER, Year: 2019-03, Metric: eps_cagr_5yr, Issue: CAGR flag: BOTH_NEGATIVE (start=-1.0, end=-3.0)
[2026-06-20T19:25:52.170392] Company: ADANIPOWER, Year: 2020-03, Metric: net_profit_cagr_3yr, Issue: CAGR flag: BOTH_NEGATIVE (start=-6174, end=-2275)
[2026-06-20T19:25:52.172400] Company: ADANIPOWER, Year: 2020-03, Metric: net_profit_cagr_5yr, Issue: CAGR flag: BOTH_NEGATIVE (start=-816, end=-2275)
[2026-06-20T19:25:52.177399] Company: ADANIPOWER, Year: 2020-03, Metric: eps_cagr_3yr, Issue: CAGR flag: BOTH_NEGATIVE (start=-16.0, end=-6.0)
[2026-06-20T19:25:52.179427] Company: ADANIPOWER, Year: 2020-03, Metric: eps_cagr_5yr, Issue: CAGR flag: BOTH_NEGATIVE (start=-3.0, end=-6.0)
[2026-06-20T19:25:52.191122] Company: ADANIPOWER, Year: 2021-03, Metric: net_profit_cagr_3yr, Issue: CAGR flag: TURNAROUND (start=-2103, end=1270)
[2026-06-20T19:25:52.198144] Company: ADANIPOWER, Year: 2021-03, Metric: eps_cagr_3yr, Issue: CAGR flag: TURNAROUND (start=-5.0, end=3.0)
[2026-06-20T19:25:52.210135] Company: ADANIPOWER, Year: 2022-03, Metric: net_profit_cagr_3yr, Issue: CAGR flag: TURNAROUND (start=-984, end=4912)
[2026-06-20T19:25:52.212230] Company: ADANIPOWER, Year: 2022-03, Metric: net_profit_cagr_5yr, Issue: CAGR flag: TURNAROUND (start=-6174, end=4912)
[2026-06-20T19:25:52.216349] Company: ADANIPOWER, Year: 2022-03, Metric: eps_cagr_3yr, Issue: CAGR flag: TURNAROUND (start=-3.0, end=13.0)
[2026-06-20T19:25:52.218297] Company: ADANIPOWER, Year: 2022-03, Metric: eps_cagr_5yr, Issue: CAGR flag: TURNAROUND (start=-16.0, end=13.0)
[2026-06-20T19:25:52.230777] Company: ADANIPOWER, Year: 2023-03, Metric: net_profit_cagr_3yr, Issue: CAGR flag: TURNAROUND (start=-2275, end=10727)
[2026-06-20T19:25:52.233777] Company: ADANIPOWER, Year: 2023-03, Metric: net_profit_cagr_5yr, Issue: CAGR flag: TURNAROUND (start=-2103, end=10727)
[2026-06-20T19:25:52.236308] Company: ADANIPOWER, Year: 2023-03, Metric: net_profit_cagr_10yr, Issue: CAGR flag: TURNAROUND (start=-2295, end=10727)
[2026-06-20T19:25:52.238749] Company: ADANIPOWER, Year: 2023-03, Metric: eps_cagr_3yr, Issue: CAGR flag: TURNAROUND (start=-6.0, end=28.0)
[2026-06-20T19:25:52.242425] Company: ADANIPOWER, Year: 2023-03, Metric: eps_cagr_5yr, Issue: CAGR flag: TURNAROUND (start=-5.0, end=28.0)
[2026-06-20T19:25:52.246428] Company: ADANIPOWER, Year: 2023-03, Metric: eps_cagr_10yr, Issue: CAGR flag: TURNAROUND (start=-10.0, end=28.0)
[2026-06-20T19:25:52.261528] Company: ADANIPOWER, Year: 2024-03, Metric: net_profit_cagr_5yr, Issue: CAGR flag: TURNAROUND (start=-984, end=20829)
[2026-06-20T19:25:52.263543] Company: ADANIPOWER, Year: 2024-03, Metric: net_profit_cagr_10yr, Issue: CAGR flag: TURNAROUND (start=-291, end=20829)
[2026-06-20T19:25:52.267536] Company: ADANIPOWER, Year: 2024-03, Metric: eps_cagr_5yr, Issue: CAGR flag: TURNAROUND (start=-3.0, end=54.0)
[2026-06-20T19:25:52.270436] Company: ADANIPOWER, Year: 2024-03, Metric: eps_cagr_10yr, Issue: CAGR flag: TURNAROUND (start=-1.0, end=54.0)
[2026-06-20T19:25:53.685160] Company: BAJAJHLDNG, Year: 2013-03, Metric: icr, Issue: Debt Free substitution (interest=0)
[2026-06-20T19:25:53.702716] Company: BAJAJHLDNG, Year: 2014-03, Metric: icr, Issue: Debt Free substitution (interest=0)
[2026-06-20T19:25:53.719832] Company: BAJAJHLDNG, Year: 2015-03, Metric: icr, Issue: Debt Free substitution (interest=0)
[2026-06-20T19:25:53.736183] Company: BAJAJHLDNG, Year: 2016-03, Metric: icr, Issue: Debt Free substitution (interest=0)
[2026-06-20T19:25:53.753188] Company: BAJAJHLDNG, Year: 2017-03, Metric: icr, Issue: Debt Free substitution (interest=0)
[2026-06-20T19:25:53.770307] Company: BAJAJHLDNG, Year: 2018-03, Metric: icr, Issue: Debt Free substitution (interest=0)
[2026-06-20T19:25:53.788741] Company: BAJAJHLDNG, Year: 2019-03, Metric: icr, Issue: Debt Free substitution (interest=0)
[2026-06-20T19:25:54.134009] Company: BANKBARODA, Year: 2016-03, Metric: net_profit_cagr_3yr, Issue: CAGR flag: DECLINE_TO_LOSS (start=4829, end=-5033)
[2026-06-20T19:25:54.138812] Company: BANKBARODA, Year: 2016-03, Metric: eps_cagr_3yr, Issue: CAGR flag: DECLINE_TO_LOSS (start=23.0, end=-22.0)
[2026-06-20T19:25:54.181086] Company: BANKBARODA, Year: 2018-03, Metric: net_profit_cagr_3yr, Issue: CAGR flag: DECLINE_TO_LOSS (start=3950, end=-1836)
[2026-06-20T19:25:54.184086] Company: BANKBARODA, Year: 2018-03, Metric: net_profit_cagr_5yr, Issue: CAGR flag: DECLINE_TO_LOSS (start=4829, end=-1836)
[2026-06-20T19:25:54.188549] Company: BANKBARODA, Year: 2018-03, Metric: eps_cagr_3yr, Issue: CAGR flag: DECLINE_TO_LOSS (start=18.0, end=-7.0)
[2026-06-20T19:25:54.191544] Company: BANKBARODA, Year: 2018-03, Metric: eps_cagr_5yr, Issue: CAGR flag: DECLINE_TO_LOSS (start=23.0, end=-7.0)
[2026-06-20T19:25:54.209103] Company: BANKBARODA, Year: 2019-03, Metric: net_profit_cagr_3yr, Issue: CAGR flag: TURNAROUND (start=-5033, end=1166)
[2026-06-20T19:25:54.214632] Company: BANKBARODA, Year: 2019-03, Metric: eps_cagr_3yr, Issue: CAGR flag: TURNAROUND (start=-22.0, end=4.0)
[2026-06-20T19:25:54.250019] Company: BANKBARODA, Year: 2021-03, Metric: net_profit_cagr_3yr, Issue: CAGR flag: TURNAROUND (start=-1836, end=1620)
[2026-06-20T19:25:54.252922] Company: BANKBARODA, Year: 2021-03, Metric: net_profit_cagr_5yr, Issue: CAGR flag: TURNAROUND (start=-5033, end=1620)
[2026-06-20T19:25:54.260427] Company: BANKBARODA, Year: 2021-03, Metric: eps_cagr_3yr, Issue: CAGR flag: TURNAROUND (start=-7.0, end=3.0)
[2026-06-20T19:25:54.264453] Company: BANKBARODA, Year: 2021-03, Metric: eps_cagr_5yr, Issue: CAGR flag: TURNAROUND (start=-22.0, end=3.0)
[2026-06-20T19:25:54.304019] Company: BANKBARODA, Year: 2023-03, Metric: net_profit_cagr_5yr, Issue: CAGR flag: TURNAROUND (start=-1836, end=15005)
[2026-06-20T19:25:54.314154] Company: BANKBARODA, Year: 2023-03, Metric: eps_cagr_5yr, Issue: CAGR flag: TURNAROUND (start=-7.0, end=29.0)
[2026-06-20T19:25:54.687580] Company: BHARTIARTL, Year: 2020-03, Metric: net_profit_cagr_3yr, Issue: CAGR flag: DECLINE_TO_LOSS (start=4241, end=-30664)
[2026-06-20T19:25:54.691490] Company: BHARTIARTL, Year: 2020-03, Metric: net_profit_cagr_5yr, Issue: CAGR flag: DECLINE_TO_LOSS (start=5048, end=-30664)
[2026-06-20T19:25:54.695590] Company: BHARTIARTL, Year: 2020-03, Metric: eps_cagr_3yr, Issue: CAGR flag: DECLINE_TO_LOSS (start=7.0, end=-55.0)
[2026-06-20T19:25:54.698599] Company: BHARTIARTL, Year: 2020-03, Metric: eps_cagr_5yr, Issue: CAGR flag: DECLINE_TO_LOSS (start=8.0, end=-55.0)
[2026-06-20T19:25:54.711580] Company: BHARTIARTL, Year: 2021-03, Metric: net_profit_cagr_3yr, Issue: CAGR flag: DECLINE_TO_LOSS (start=2184, end=-12364)
[2026-06-20T19:25:54.715602] Company: BHARTIARTL, Year: 2021-03, Metric: net_profit_cagr_5yr, Issue: CAGR flag: DECLINE_TO_LOSS (start=6893, end=-12364)
[2026-06-20T19:25:54.719842] Company: BHARTIARTL, Year: 2021-03, Metric: eps_cagr_3yr, Issue: CAGR flag: DECLINE_TO_LOSS (start=2.0, end=-26.0)
[2026-06-20T19:25:54.721841] Company: BHARTIARTL, Year: 2021-03, Metric: eps_cagr_5yr, Issue: CAGR flag: DECLINE_TO_LOSS (start=11.0, end=-26.0)
[2026-06-20T19:25:54.753793] Company: BHARTIARTL, Year: 2023-03, Metric: net_profit_cagr_3yr, Issue: CAGR flag: TURNAROUND (start=-30664, end=12287)
[2026-06-20T19:25:54.759692] Company: BHARTIARTL, Year: 2023-03, Metric: eps_cagr_3yr, Issue: CAGR flag: TURNAROUND (start=-55.0, end=15.0)
[2026-06-20T19:25:54.772900] Company: BHARTIARTL, Year: 2024-03, Metric: net_profit_cagr_3yr, Issue: CAGR flag: TURNAROUND (start=-12364, end=8558)
[2026-06-20T19:25:54.779852] Company: BHARTIARTL, Year: 2024-03, Metric: eps_cagr_3yr, Issue: CAGR flag: TURNAROUND (start=-26.0, end=13.0)
[2026-06-20T19:25:54.857913] Company: BHEL, Year: 2016-03, Metric: net_profit_cagr_3yr, Issue: CAGR flag: DECLINE_TO_LOSS (start=6693, end=-706)
[2026-06-20T19:25:54.863125] Company: BHEL, Year: 2016-03, Metric: eps_cagr_3yr, Issue: CAGR flag: DECLINE_TO_LOSS (start=18.0, end=-2.0)
[2026-06-20T19:25:54.908230] Company: BHEL, Year: 2019-03, Metric: net_profit_cagr_3yr, Issue: CAGR flag: TURNAROUND (start=-706, end=1002)
[2026-06-20T19:25:54.914419] Company: BHEL, Year: 2019-03, Metric: eps_cagr_3yr, Issue: CAGR flag: TURNAROUND (start=-2.0, end=3.0)
[2026-06-20T19:25:54.928058] Company: BHEL, Year: 2020-03, Metric: net_profit_cagr_3yr, Issue: CAGR flag: DECLINE_TO_LOSS (start=455, end=-1468)
[2026-06-20T19:25:54.931182] Company: BHEL, Year: 2020-03, Metric: net_profit_cagr_5yr, Issue: CAGR flag: DECLINE_TO_LOSS (start=1450, end=-1468)
[2026-06-20T19:25:54.934767] Company: BHEL, Year: 2020-03, Metric: eps_cagr_3yr, Issue: CAGR flag: DECLINE_TO_LOSS (start=1.0, end=-4.0)
[2026-06-20T19:25:54.937870] Company: BHEL, Year: 2020-03, Metric: eps_cagr_5yr, Issue: CAGR flag: DECLINE_TO_LOSS (start=4.0, end=-4.0)
[2026-06-20T19:25:54.950879] Company: BHEL, Year: 2021-03, Metric: net_profit_cagr_3yr, Issue: CAGR flag: DECLINE_TO_LOSS (start=438, end=-2700)
[2026-06-20T19:25:54.952833] Company: BHEL, Year: 2021-03, Metric: net_profit_cagr_5yr, Issue: CAGR flag: BOTH_NEGATIVE (start=-706, end=-2700)
[2026-06-20T19:25:54.956876] Company: BHEL, Year: 2021-03, Metric: eps_cagr_3yr, Issue: CAGR flag: DECLINE_TO_LOSS (start=1.0, end=-8.0)
[2026-06-20T19:25:54.959880] Company: BHEL, Year: 2021-03, Metric: eps_cagr_5yr, Issue: CAGR flag: BOTH_NEGATIVE (start=-2.0, end=-8.0)
[2026-06-20T19:25:54.988244] Company: BHEL, Year: 2023-03, Metric: net_profit_cagr_3yr, Issue: CAGR flag: TURNAROUND (start=-1468, end=654)
[2026-06-20T19:25:54.995254] Company: BHEL, Year: 2023-03, Metric: eps_cagr_3yr, Issue: CAGR flag: TURNAROUND (start=-4.0, end=2.0)
[2026-06-20T19:25:55.010149] Company: BHEL, Year: 2024-03, Metric: net_profit_cagr_3yr, Issue: CAGR flag: TURNAROUND (start=-2700, end=282)
[2026-06-20T19:25:55.016169] Company: BHEL, Year: 2024-03, Metric: eps_cagr_3yr, Issue: CAGR flag: TURNAROUND (start=-8.0, end=1.0)
[2026-06-20T19:25:55.053866] Company: BOSCHLTD, Year: 2013-12, Metric: icr, Issue: Debt Free substitution (interest=0)
[2026-06-20T19:25:55.748049] Company: CANBK, Year: 2016-03, Metric: net_profit_cagr_3yr, Issue: CAGR flag: DECLINE_TO_LOSS (start=2995, end=-2535)
[2026-06-20T19:25:55.753182] Company: CANBK, Year: 2016-03, Metric: eps_cagr_3yr, Issue: CAGR flag: DECLINE_TO_LOSS (start=12.0, end=-9.0)
[2026-06-20T19:25:55.782529] Company: CANBK, Year: 2018-03, Metric: net_profit_cagr_3yr, Issue: CAGR flag: DECLINE_TO_LOSS (start=2931, end=-3873)
[2026-06-20T19:25:55.785537] Company: CANBK, Year: 2018-03, Metric: net_profit_cagr_5yr, Issue: CAGR flag: DECLINE_TO_LOSS (start=2995, end=-3873)
[2026-06-20T19:25:55.788536] Company: CANBK, Year: 2018-03, Metric: eps_cagr_3yr, Issue: CAGR flag: DECLINE_TO_LOSS (start=11.0, end=-11.0)
[2026-06-20T19:25:55.792313] Company: CANBK, Year: 2018-03, Metric: eps_cagr_5yr, Issue: CAGR flag: DECLINE_TO_LOSS (start=12.0, end=-11.0)
[2026-06-20T19:25:55.803413] Company: CANBK, Year: 2019-03, Metric: net_profit_cagr_3yr, Issue: CAGR flag: TURNAROUND (start=-2535, end=696)
[2026-06-20T19:25:55.809844] Company: CANBK, Year: 2019-03, Metric: eps_cagr_3yr, Issue: CAGR flag: TURNAROUND (start=-9.0, end=2.0)
[2026-06-20T19:25:55.823866] Company: CANBK, Year: 2020-03, Metric: net_profit_cagr_3yr, Issue: CAGR flag: DECLINE_TO_LOSS (start=1411, end=-1921)
[2026-06-20T19:25:55.827373] Company: CANBK, Year: 2020-03, Metric: net_profit_cagr_5yr, Issue: CAGR flag: DECLINE_TO_LOSS (start=2931, end=-1921)
[2026-06-20T19:25:55.831483] Company: CANBK, Year: 2020-03, Metric: eps_cagr_3yr, Issue: CAGR flag: DECLINE_TO_LOSS (start=5.0, end=-4.0)
[2026-06-20T19:25:55.834481] Company: CANBK, Year: 2020-03, Metric: eps_cagr_5yr, Issue: CAGR flag: DECLINE_TO_LOSS (start=11.0, end=-4.0)
[2026-06-20T19:25:55.847482] Company: CANBK, Year: 2021-03, Metric: net_profit_cagr_3yr, Issue: CAGR flag: TURNAROUND (start=-3873, end=2957)
[2026-06-20T19:25:55.850478] Company: CANBK, Year: 2021-03, Metric: net_profit_cagr_5yr, Issue: CAGR flag: TURNAROUND (start=-2535, end=2957)
[2026-06-20T19:25:55.854393] Company: CANBK, Year: 2021-03, Metric: eps_cagr_3yr, Issue: CAGR flag: TURNAROUND (start=-11.0, end=4.0)
[2026-06-20T19:25:55.857389] Company: CANBK, Year: 2021-03, Metric: eps_cagr_5yr, Issue: CAGR flag: TURNAROUND (start=-9.0, end=4.0)
[2026-06-20T19:25:55.886440] Company: CANBK, Year: 2023-03, Metric: net_profit_cagr_3yr, Issue: CAGR flag: TURNAROUND (start=-1921, end=11345)
[2026-06-20T19:25:55.889349] Company: CANBK, Year: 2023-03, Metric: net_profit_cagr_5yr, Issue: CAGR flag: TURNAROUND (start=-3873, end=11345)
[2026-06-20T19:25:55.894351] Company: CANBK, Year: 2023-03, Metric: eps_cagr_3yr, Issue: CAGR flag: TURNAROUND (start=-4.0, end=12.0)
[2026-06-20T19:25:55.897351] Company: CANBK, Year: 2023-03, Metric: eps_cagr_5yr, Issue: CAGR flag: TURNAROUND (start=-11.0, end=12.0)
[2026-06-20T19:25:55.959990] Company: CHOLAFIN, Year: 2015-03, Metric: icr, Issue: Debt Free substitution (interest=0)
[2026-06-20T19:25:56.006912] Company: CHOLAFIN, Year: 2018-03, Metric: icr, Issue: Debt Free substitution (interest=0)
[2026-06-20T19:25:56.037591] Company: CHOLAFIN, Year: 2020-03, Metric: icr, Issue: Debt Free substitution (interest=0)
[2026-06-20T19:25:57.150072] Company: DLF, Year: 2020-03, Metric: net_profit_cagr_3yr, Issue: CAGR flag: DECLINE_TO_LOSS (start=708, end=-590)
[2026-06-20T19:25:57.151977] Company: DLF, Year: 2020-03, Metric: net_profit_cagr_5yr, Issue: CAGR flag: DECLINE_TO_LOSS (start=507, end=-590)
[2026-06-20T19:25:57.155979] Company: DLF, Year: 2020-03, Metric: eps_cagr_3yr, Issue: CAGR flag: DECLINE_TO_LOSS (start=4.0, end=-2.0)
[2026-06-20T19:25:57.158975] Company: DLF, Year: 2020-03, Metric: eps_cagr_5yr, Issue: CAGR flag: DECLINE_TO_LOSS (start=3.0, end=-2.0)
[2026-06-20T19:25:57.204396] Company: DLF, Year: 2023-03, Metric: net_profit_cagr_3yr, Issue: CAGR flag: TURNAROUND (start=-590, end=2034)
[2026-06-20T19:25:57.210396] Company: DLF, Year: 2023-03, Metric: eps_cagr_3yr, Issue: CAGR flag: TURNAROUND (start=-2.0, end=8.0)
[2026-06-20T19:25:58.287787] Company: GODREJCP, Year: 2024-03, Metric: net_profit_cagr_3yr, Issue: CAGR flag: DECLINE_TO_LOSS (start=1721, end=-561)
[2026-06-20T19:25:58.289787] Company: GODREJCP, Year: 2024-03, Metric: net_profit_cagr_5yr, Issue: CAGR flag: DECLINE_TO_LOSS (start=2342, end=-561)
[2026-06-20T19:25:58.293795] Company: GODREJCP, Year: 2024-03, Metric: net_profit_cagr_10yr, Issue: CAGR flag: DECLINE_TO_LOSS (start=819, end=-561)
[2026-06-20T19:25:58.295781] Company: GODREJCP, Year: 2024-03, Metric: eps_cagr_3yr, Issue: CAGR flag: DECLINE_TO_LOSS (start=17.0, end=-5.0)
[2026-06-20T19:25:58.298779] Company: GODREJCP, Year: 2024-03, Metric: eps_cagr_5yr, Issue: CAGR flag: DECLINE_TO_LOSS (start=23.0, end=-5.0)
[2026-06-20T19:25:58.300792] Company: GODREJCP, Year: 2024-03, Metric: eps_cagr_10yr, Issue: CAGR flag: DECLINE_TO_LOSS (start=7.0, end=-5.0)
[2026-06-20T19:25:59.855734] Company: HINDALCO, Year: 2016-03, Metric: net_profit_cagr_3yr, Issue: CAGR flag: DECLINE_TO_LOSS (start=3007, end=-702)
[2026-06-20T19:25:59.862358] Company: HINDALCO, Year: 2016-03, Metric: eps_cagr_3yr, Issue: CAGR flag: DECLINE_TO_LOSS (start=16.0, end=-1.0)
[2026-06-20T19:25:59.915567] Company: HINDALCO, Year: 2019-03, Metric: net_profit_cagr_3yr, Issue: CAGR flag: TURNAROUND (start=-702, end=5495)
[2026-06-20T19:25:59.921565] Company: HINDALCO, Year: 2019-03, Metric: eps_cagr_3yr, Issue: CAGR flag: TURNAROUND (start=-1.0, end=24.0)
[2026-06-20T19:25:59.956312] Company: HINDALCO, Year: 2021-03, Metric: net_profit_cagr_5yr, Issue: CAGR flag: TURNAROUND (start=-702, end=3483)
[2026-06-20T19:25:59.963366] Company: HINDALCO, Year: 2021-03, Metric: eps_cagr_5yr, Issue: CAGR flag: TURNAROUND (start=-1.0, end=16.0)
[2026-06-20T19:26:00.520089] Company: ICICIGI, Year: 2016-03, Metric: icr, Issue: Debt Free substitution (interest=0)
[2026-06-20T19:26:00.738742] Company: ICICIPRULI, Year: 2016-03, Metric: icr, Issue: Debt Free substitution (interest=0)
[2026-06-20T19:26:01.005049] Company: INDIGO, Year: 2020-03, Metric: net_profit_cagr_3yr, Issue: CAGR flag: DECLINE_TO_LOSS (start=1659, end=-248)
[2026-06-20T19:26:01.009055] Company: INDIGO, Year: 2020-03, Metric: net_profit_cagr_5yr, Issue: CAGR flag: DECLINE_TO_LOSS (start=1304, end=-248)
[2026-06-20T19:26:01.013376] Company: INDIGO, Year: 2020-03, Metric: eps_cagr_3yr, Issue: CAGR flag: DECLINE_TO_LOSS (start=46.0, end=-6.0)
[2026-06-20T19:26:01.016376] Company: INDIGO, Year: 2020-03, Metric: eps_cagr_5yr, Issue: CAGR flag: DECLINE_TO_LOSS (start=42481.0, end=-6.0)
[2026-06-20T19:26:01.029908] Company: INDIGO, Year: 2021-03, Metric: net_profit_cagr_3yr, Issue: CAGR flag: DECLINE_TO_LOSS (start=2242, end=-6171)
[2026-06-20T19:26:01.031908] Company: INDIGO, Year: 2021-03, Metric: net_profit_cagr_5yr, Issue: CAGR flag: DECLINE_TO_LOSS (start=1986, end=-6171)
[2026-06-20T19:26:01.035907] Company: INDIGO, Year: 2021-03, Metric: eps_cagr_3yr, Issue: CAGR flag: DECLINE_TO_LOSS (start=58.0, end=-151.0)
[2026-06-20T19:26:01.037941] Company: INDIGO, Year: 2021-03, Metric: eps_cagr_5yr, Issue: CAGR flag: DECLINE_TO_LOSS (start=55.0, end=-151.0)
[2026-06-20T19:26:01.050964] Company: INDIGO, Year: 2022-03, Metric: net_profit_cagr_3yr, Issue: CAGR flag: DECLINE_TO_LOSS (start=156, end=-317)
[2026-06-20T19:26:01.053957] Company: INDIGO, Year: 2022-03, Metric: net_profit_cagr_5yr, Issue: CAGR flag: DECLINE_TO_LOSS (start=1659, end=-317)
[2026-06-20T19:26:01.057958] Company: INDIGO, Year: 2022-03, Metric: eps_cagr_3yr, Issue: CAGR flag: DECLINE_TO_LOSS (start=4.0, end=-160.0)
[2026-06-20T19:26:01.060953] Company: INDIGO, Year: 2022-03, Metric: eps_cagr_5yr, Issue: CAGR flag: DECLINE_TO_LOSS (start=46.0, end=-160.0)
[2026-06-20T19:26:01.076065] Company: INDIGO, Year: 2023-03, Metric: net_profit_cagr_3yr, Issue: CAGR flag: BOTH_NEGATIVE (start=-248, end=-317)
[2026-06-20T19:26:01.078617] Company: INDIGO, Year: 2023-03, Metric: net_profit_cagr_5yr, Issue: CAGR flag: DECLINE_TO_LOSS (start=2242, end=-317)
[2026-06-20T19:26:01.081605] Company: INDIGO, Year: 2023-03, Metric: net_profit_cagr_10yr, Issue: CAGR flag: DECLINE_TO_LOSS (start=787, end=-317)
[2026-06-20T19:26:01.085264] Company: INDIGO, Year: 2023-03, Metric: eps_cagr_3yr, Issue: CAGR flag: BOTH_NEGATIVE (start=-6.0, end=-8.0)
[2026-06-20T19:26:01.094384] Company: INDIGO, Year: 2023-03, Metric: eps_cagr_5yr, Issue: CAGR flag: DECLINE_TO_LOSS (start=58.0, end=-8.0)
[2026-06-20T19:26:01.098396] Company: INDIGO, Year: 2023-03, Metric: eps_cagr_10yr, Issue: CAGR flag: DECLINE_TO_LOSS (start=25647.0, end=-8.0)
[2026-06-20T19:26:01.110390] Company: INDIGO, Year: 2024-03, Metric: net_profit_cagr_3yr, Issue: CAGR flag: TURNAROUND (start=-6171, end=8167)
[2026-06-20T19:26:01.117405] Company: INDIGO, Year: 2024-03, Metric: eps_cagr_3yr, Issue: CAGR flag: TURNAROUND (start=-151.0, end=212.0)
[2026-06-20T19:26:01.394152] Company: INFY, Year: 2016-03, Metric: icr, Issue: Debt Free substitution (interest=0)
[2026-06-20T19:26:01.413163] Company: INFY, Year: 2017-03, Metric: icr, Issue: Debt Free substitution (interest=0)
[2026-06-20T19:26:01.431560] Company: INFY, Year: 2018-03, Metric: icr, Issue: Debt Free substitution (interest=0)
[2026-06-20T19:26:01.448561] Company: INFY, Year: 2019-03, Metric: icr, Issue: Debt Free substitution (interest=0)
[2026-06-20T19:26:01.695945] Company: IOC, Year: 2020-03, Metric: net_profit_cagr_3yr, Issue: CAGR flag: DECLINE_TO_LOSS (start=20385, end=-1876)
[2026-06-20T19:26:01.697944] Company: IOC, Year: 2020-03, Metric: net_profit_cagr_5yr, Issue: CAGR flag: DECLINE_TO_LOSS (start=4872, end=-1876)
[2026-06-20T19:26:01.701941] Company: IOC, Year: 2020-03, Metric: eps_cagr_3yr, Issue: CAGR flag: DECLINE_TO_LOSS (start=14.0, end=-1.0)
[2026-06-20T19:26:01.703940] Company: IOC, Year: 2020-03, Metric: eps_cagr_5yr, Issue: CAGR flag: DECLINE_TO_LOSS (start=3.0, end=-1.0)
[2026-06-20T19:26:01.750344] Company: IOC, Year: 2023-03, Metric: net_profit_cagr_3yr, Issue: CAGR flag: TURNAROUND (start=-1876, end=11704)
[2026-06-20T19:26:01.755333] Company: IOC, Year: 2023-03, Metric: eps_cagr_3yr, Issue: CAGR flag: TURNAROUND (start=-1.0, end=7.0)
[2026-06-20T19:26:01.800788] Company: IRCTC, Year: 2015-03, Metric: icr, Issue: Debt Free substitution (interest=0)
[2026-06-20T19:26:01.817888] Company: IRCTC, Year: 2016-03, Metric: icr, Issue: Debt Free substitution (interest=0)
[2026-06-20T19:26:02.465969] Company: JINDALSTEL, Year: 2016-03, Metric: net_profit_cagr_3yr, Issue: CAGR flag: DECLINE_TO_LOSS (start=2952, end=-3087)
[2026-06-20T19:26:02.471969] Company: JINDALSTEL, Year: 2016-03, Metric: eps_cagr_3yr, Issue: CAGR flag: DECLINE_TO_LOSS (start=31.0, end=-32.0)
[2026-06-20T19:26:02.484507] Company: JINDALSTEL, Year: 2017-03, Metric: net_profit_cagr_3yr, Issue: CAGR flag: DECLINE_TO_LOSS (start=1896, end=-2538)
[2026-06-20T19:26:02.489506] Company: JINDALSTEL, Year: 2017-03, Metric: eps_cagr_3yr, Issue: CAGR flag: DECLINE_TO_LOSS (start=21.0, end=-25.0)
[2026-06-20T19:26:02.502119] Company: JINDALSTEL, Year: 2018-03, Metric: net_profit_cagr_3yr, Issue: CAGR flag: BOTH_NEGATIVE (start=-1452, end=-1616)
[2026-06-20T19:26:02.504117] Company: JINDALSTEL, Year: 2018-03, Metric: net_profit_cagr_5yr, Issue: CAGR flag: DECLINE_TO_LOSS (start=2952, end=-1616)
[2026-06-20T19:26:02.509024] Company: JINDALSTEL, Year: 2018-03, Metric: eps_cagr_3yr, Issue: CAGR flag: BOTH_NEGATIVE (start=-14.0, end=-15.0)
[2026-06-20T19:26:02.511058] Company: JINDALSTEL, Year: 2018-03, Metric: eps_cagr_5yr, Issue: CAGR flag: DECLINE_TO_LOSS (start=31.0, end=-15.0)
[2026-06-20T19:26:02.522061] Company: JINDALSTEL, Year: 2019-03, Metric: net_profit_cagr_3yr, Issue: CAGR flag: BOTH_NEGATIVE (start=-3087, end=-2412)
[2026-06-20T19:26:02.526066] Company: JINDALSTEL, Year: 2019-03, Metric: net_profit_cagr_5yr, Issue: CAGR flag: DECLINE_TO_LOSS (start=1896, end=-2412)
[2026-06-20T19:26:02.529601] Company: JINDALSTEL, Year: 2019-03, Metric: eps_cagr_3yr, Issue: CAGR flag: BOTH_NEGATIVE (start=-32.0, end=-17.0)
[2026-06-20T19:26:02.531590] Company: JINDALSTEL, Year: 2019-03, Metric: eps_cagr_5yr, Issue: CAGR flag: DECLINE_TO_LOSS (start=21.0, end=-17.0)
[2026-06-20T19:26:02.544499] Company: JINDALSTEL, Year: 2020-03, Metric: net_profit_cagr_3yr, Issue: CAGR flag: BOTH_NEGATIVE (start=-2538, end=-400)
[2026-06-20T19:26:02.547492] Company: JINDALSTEL, Year: 2020-03, Metric: net_profit_cagr_5yr, Issue: CAGR flag: BOTH_NEGATIVE (start=-1452, end=-400)
[2026-06-20T19:26:02.551489] Company: JINDALSTEL, Year: 2020-03, Metric: eps_cagr_3yr, Issue: CAGR flag: BOTH_NEGATIVE (start=-25.0, end=-1.0)
[2026-06-20T19:26:02.554493] Company: JINDALSTEL, Year: 2020-03, Metric: eps_cagr_5yr, Issue: CAGR flag: BOTH_NEGATIVE (start=-14.0, end=-1.0)
[2026-06-20T19:26:02.568592] Company: JINDALSTEL, Year: 2021-03, Metric: net_profit_cagr_3yr, Issue: CAGR flag: TURNAROUND (start=-1616, end=4267)
[2026-06-20T19:26:02.571593] Company: JINDALSTEL, Year: 2021-03, Metric: net_profit_cagr_5yr, Issue: CAGR flag: TURNAROUND (start=-3087, end=4267)
[2026-06-20T19:26:02.577692] Company: JINDALSTEL, Year: 2021-03, Metric: eps_cagr_3yr, Issue: CAGR flag: TURNAROUND (start=-15.0, end=36.0)
[2026-06-20T19:26:02.580439] Company: JINDALSTEL, Year: 2021-03, Metric: eps_cagr_5yr, Issue: CAGR flag: TURNAROUND (start=-32.0, end=36.0)
[2026-06-20T19:26:02.595034] Company: JINDALSTEL, Year: 2022-03, Metric: net_profit_cagr_3yr, Issue: CAGR flag: TURNAROUND (start=-2412, end=6766)
[2026-06-20T19:26:02.598035] Company: JINDALSTEL, Year: 2022-03, Metric: net_profit_cagr_5yr, Issue: CAGR flag: TURNAROUND (start=-2538, end=6766)
[2026-06-20T19:26:02.602042] Company: JINDALSTEL, Year: 2022-03, Metric: eps_cagr_3yr, Issue: CAGR flag: TURNAROUND (start=-17.0, end=56.0)
[2026-06-20T19:26:02.605032] Company: JINDALSTEL, Year: 2022-03, Metric: eps_cagr_5yr, Issue: CAGR flag: TURNAROUND (start=-25.0, end=56.0)
[2026-06-20T19:26:02.618142] Company: JINDALSTEL, Year: 2023-03, Metric: net_profit_cagr_3yr, Issue: CAGR flag: TURNAROUND (start=-400, end=3974)
[2026-06-20T19:26:02.621108] Company: JINDALSTEL, Year: 2023-03, Metric: net_profit_cagr_5yr, Issue: CAGR flag: TURNAROUND (start=-1616, end=3974)
[2026-06-20T19:26:02.626126] Company: JINDALSTEL, Year: 2023-03, Metric: eps_cagr_3yr, Issue: CAGR flag: TURNAROUND (start=-1.0, end=31.0)
[2026-06-20T19:26:02.628754] Company: JINDALSTEL, Year: 2023-03, Metric: eps_cagr_5yr, Issue: CAGR flag: TURNAROUND (start=-15.0, end=31.0)
[2026-06-20T19:26:02.643521] Company: JINDALSTEL, Year: 2024-03, Metric: net_profit_cagr_5yr, Issue: CAGR flag: TURNAROUND (start=-2412, end=5943)
[2026-06-20T19:26:02.650523] Company: JINDALSTEL, Year: 2024-03, Metric: eps_cagr_5yr, Issue: CAGR flag: TURNAROUND (start=-17.0, end=58.0)
[2026-06-20T19:26:02.672729] Company: JIOFIN, Year: 2023-03, Metric: icr, Issue: Debt Free substitution (interest=0)
[2026-06-20T19:26:02.807618] Company: JSWENERGY, Year: 2018-03, Metric: eps_cagr_3yr, Issue: CAGR flag: DECLINE_TO_LOSS (start=8.0, end=0.0)
[2026-06-20T19:26:02.811277] Company: JSWENERGY, Year: 2018-03, Metric: eps_cagr_5yr, Issue: CAGR flag: DECLINE_TO_LOSS (start=6.0, end=0.0)
[2026-06-20T19:26:02.866933] Company: JSWENERGY, Year: 2021-03, Metric: eps_cagr_3yr, Issue: CAGR flag: ZERO_BASE (start=0.0, end=5.0)
[2026-06-20T19:26:02.900736] Company: JSWENERGY, Year: 2023-03, Metric: eps_cagr_5yr, Issue: CAGR flag: ZERO_BASE (start=0.0, end=9.0)
[2026-06-20T19:26:02.993050] Company: JSWSTEEL, Year: 2016-03, Metric: net_profit_cagr_3yr, Issue: CAGR flag: DECLINE_TO_LOSS (start=929, end=-481)
[2026-06-20T19:26:02.999050] Company: JSWSTEEL, Year: 2016-03, Metric: eps_cagr_3yr, Issue: CAGR flag: DECLINE_TO_LOSS (start=4.0, end=-1.0)
[2026-06-20T19:26:03.047318] Company: JSWSTEEL, Year: 2019-03, Metric: net_profit_cagr_3yr, Issue: CAGR flag: TURNAROUND (start=-481, end=7524)
[2026-06-20T19:26:03.053227] Company: JSWSTEEL, Year: 2019-03, Metric: eps_cagr_3yr, Issue: CAGR flag: TURNAROUND (start=-1.0, end=32.0)
[2026-06-20T19:26:03.087988] Company: JSWSTEEL, Year: 2021-03, Metric: net_profit_cagr_5yr, Issue: CAGR flag: TURNAROUND (start=-481, end=7873)
[2026-06-20T19:26:03.095321] Company: JSWSTEEL, Year: 2021-03, Metric: eps_cagr_5yr, Issue: CAGR flag: TURNAROUND (start=-1.0, end=33.0)
[2026-06-20T19:26:03.364960] Company: LICI, Year: 2019-03, Metric: icr, Issue: Debt Free substitution (interest=0)
[2026-06-20T19:26:03.381050] Company: LICI, Year: 2020-03, Metric: icr, Issue: Debt Free substitution (interest=0)
[2026-06-20T19:26:03.395671] Company: LICI, Year: 2021-03, Metric: icr, Issue: Debt Free substitution (interest=0)
[2026-06-20T19:26:03.410662] Company: LICI, Year: 2022-03, Metric: icr, Issue: Debt Free substitution (interest=0)
[2026-06-20T19:26:04.144921] Company: M&M, Year: 2020-03, Metric: net_profit_cagr_3yr, Issue: CAGR flag: DECLINE_TO_LOSS (start=4051, end=-321)
[2026-06-20T19:26:04.147923] Company: M&M, Year: 2020-03, Metric: net_profit_cagr_5yr, Issue: CAGR flag: DECLINE_TO_LOSS (start=3381, end=-321)
[2026-06-20T19:26:04.185671] Company: M&M, Year: 2023-03, Metric: net_profit_cagr_3yr, Issue: CAGR flag: TURNAROUND (start=-321, end=11374)
[2026-06-20T19:26:04.615697] Company: NAUKRI, Year: 2017-03, Metric: net_profit_cagr_3yr, Issue: CAGR flag: DECLINE_TO_LOSS (start=60, end=-43)
[2026-06-20T19:26:04.619793] Company: NAUKRI, Year: 2017-03, Metric: eps_cagr_3yr, Issue: CAGR flag: DECLINE_TO_LOSS (start=8.0, end=-2.0)
[2026-06-20T19:26:04.631227] Company: NAUKRI, Year: 2018-03, Metric: net_profit_cagr_3yr, Issue: CAGR flag: TURNAROUND (start=-14, end=501)
[2026-06-20T19:26:04.657136] Company: NAUKRI, Year: 2020-03, Metric: net_profit_cagr_3yr, Issue: CAGR flag: BOTH_NEGATIVE (start=-43, end=-246)
[2026-06-20T19:26:04.659038] Company: NAUKRI, Year: 2020-03, Metric: net_profit_cagr_5yr, Issue: CAGR flag: BOTH_NEGATIVE (start=-14, end=-246)
[2026-06-20T19:26:04.662039] Company: NAUKRI, Year: 2020-03, Metric: eps_cagr_3yr, Issue: CAGR flag: BOTH_NEGATIVE (start=-2.0, end=-19.0)
[2026-06-20T19:26:04.664053] Company: NAUKRI, Year: 2020-03, Metric: eps_cagr_5yr, Issue: CAGR flag: DECLINE_TO_LOSS (start=2.0, end=-19.0)
[2026-06-20T19:26:04.687900] Company: NAUKRI, Year: 2022-03, Metric: net_profit_cagr_5yr, Issue: CAGR flag: TURNAROUND (start=-43, end=12882)
[2026-06-20T19:26:04.692807] Company: NAUKRI, Year: 2022-03, Metric: eps_cagr_5yr, Issue: CAGR flag: TURNAROUND (start=-2.0, end=991.0)
[2026-06-20T19:26:04.702478] Company: NAUKRI, Year: 2023-03, Metric: net_profit_cagr_3yr, Issue: CAGR flag: BOTH_NEGATIVE (start=-246, end=-70)
[2026-06-20T19:26:04.704468] Company: NAUKRI, Year: 2023-03, Metric: net_profit_cagr_5yr, Issue: CAGR flag: DECLINE_TO_LOSS (start=501, end=-70)
[2026-06-20T19:26:04.706383] Company: NAUKRI, Year: 2023-03, Metric: net_profit_cagr_10yr, Issue: CAGR flag: DECLINE_TO_LOSS (start=76, end=-70)
[2026-06-20T19:26:04.708383] Company: NAUKRI, Year: 2023-03, Metric: eps_cagr_3yr, Issue: CAGR flag: BOTH_NEGATIVE (start=-19.0, end=-8.0)
[2026-06-20T19:26:04.710383] Company: NAUKRI, Year: 2023-03, Metric: eps_cagr_5yr, Issue: CAGR flag: DECLINE_TO_LOSS (start=42.0, end=-8.0)
[2026-06-20T19:26:04.713413] Company: NAUKRI, Year: 2023-03, Metric: eps_cagr_10yr, Issue: CAGR flag: DECLINE_TO_LOSS (start=8.0, end=-8.0)
[2026-06-20T19:26:05.827425] Company: PNB, Year: 2016-03, Metric: net_profit_cagr_3yr, Issue: CAGR flag: DECLINE_TO_LOSS (start=5020, end=-3510)
[2026-06-20T19:26:05.831775] Company: PNB, Year: 2016-03, Metric: eps_cagr_3yr, Issue: CAGR flag: DECLINE_TO_LOSS (start=28.0, end=-19.0)
[2026-06-20T19:26:05.856925] Company: PNB, Year: 2018-03, Metric: net_profit_cagr_3yr, Issue: CAGR flag: DECLINE_TO_LOSS (start=3525, end=-12111)
[2026-06-20T19:26:05.858926] Company: PNB, Year: 2018-03, Metric: net_profit_cagr_5yr, Issue: CAGR flag: DECLINE_TO_LOSS (start=5020, end=-12111)
[2026-06-20T19:26:05.862014] Company: PNB, Year: 2018-03, Metric: eps_cagr_3yr, Issue: CAGR flag: DECLINE_TO_LOSS (start=18.0, end=-44.0)
[2026-06-20T19:26:05.864023] Company: PNB, Year: 2018-03, Metric: eps_cagr_5yr, Issue: CAGR flag: DECLINE_TO_LOSS (start=28.0, end=-44.0)
[2026-06-20T19:26:05.875029] Company: PNB, Year: 2019-03, Metric: net_profit_cagr_3yr, Issue: CAGR flag: BOTH_NEGATIVE (start=-3510, end=-9550)
[2026-06-20T19:26:05.877542] Company: PNB, Year: 2019-03, Metric: net_profit_cagr_5yr, Issue: CAGR flag: DECLINE_TO_LOSS (start=3674, end=-9550)
[2026-06-20T19:26:05.880359] Company: PNB, Year: 2019-03, Metric: eps_cagr_3yr, Issue: CAGR flag: BOTH_NEGATIVE (start=-19.0, end=-21.0)
[2026-06-20T19:26:05.883460] Company: PNB, Year: 2019-03, Metric: eps_cagr_5yr, Issue: CAGR flag: DECLINE_TO_LOSS (start=20.0, end=-21.0)
[2026-06-20T19:26:05.906186] Company: PNB, Year: 2021-03, Metric: net_profit_cagr_3yr, Issue: CAGR flag: TURNAROUND (start=-12111, end=2695)
[2026-06-20T19:26:05.908093] Company: PNB, Year: 2021-03, Metric: net_profit_cagr_5yr, Issue: CAGR flag: TURNAROUND (start=-3510, end=2695)
[2026-06-20T19:26:05.912181] Company: PNB, Year: 2021-03, Metric: eps_cagr_3yr, Issue: CAGR flag: TURNAROUND (start=-44.0, end=2.0)
[2026-06-20T19:26:05.915197] Company: PNB, Year: 2021-03, Metric: eps_cagr_5yr, Issue: CAGR flag: TURNAROUND (start=-19.0, end=2.0)
[2026-06-20T19:26:05.926194] Company: PNB, Year: 2022-03, Metric: net_profit_cagr_3yr, Issue: CAGR flag: TURNAROUND (start=-9550, end=3908)
[2026-06-20T19:26:05.931815] Company: PNB, Year: 2022-03, Metric: eps_cagr_3yr, Issue: CAGR flag: TURNAROUND (start=-21.0, end=4.0)
[2026-06-20T19:26:05.945735] Company: PNB, Year: 2023-03, Metric: net_profit_cagr_5yr, Issue: CAGR flag: TURNAROUND (start=-12111, end=3359)
[2026-06-20T19:26:05.950735] Company: PNB, Year: 2023-03, Metric: eps_cagr_5yr, Issue: CAGR flag: TURNAROUND (start=-44.0, end=3.0)
[2026-06-20T19:26:05.962833] Company: PNB, Year: 2024-03, Metric: net_profit_cagr_5yr, Issue: CAGR flag: TURNAROUND (start=-9550, end=9157)
[2026-06-20T19:26:05.967833] Company: PNB, Year: 2024-03, Metric: eps_cagr_5yr, Issue: CAGR flag: TURNAROUND (start=-21.0, end=8.0)
[2026-06-20T19:26:06.569562] Company: SBILIFE, Year: 2020-03, Metric: icr, Issue: Debt Free substitution (interest=0)
[2026-06-20T19:26:06.585606] Company: SBILIFE, Year: 2021-03, Metric: icr, Issue: Debt Free substitution (interest=0)
[2026-06-20T19:26:06.603027] Company: SBILIFE, Year: 2022-03, Metric: icr, Issue: Debt Free substitution (interest=0)
[2026-06-20T19:26:06.715297] Company: SBIN, Year: 2017-03, Metric: net_profit_cagr_3yr, Issue: CAGR flag: DECLINE_TO_LOSS (start=14807, end=-97)
[2026-06-20T19:26:06.719390] Company: SBIN, Year: 2017-03, Metric: eps_cagr_3yr, Issue: CAGR flag: DECLINE_TO_LOSS (start=19.0, end=0.0)
[2026-06-20T19:26:06.730025] Company: SBIN, Year: 2018-03, Metric: net_profit_cagr_3yr, Issue: CAGR flag: DECLINE_TO_LOSS (start=17832, end=-3749)
[2026-06-20T19:26:06.732028] Company: SBIN, Year: 2018-03, Metric: net_profit_cagr_5yr, Issue: CAGR flag: DECLINE_TO_LOSS (start=18555, end=-3749)
[2026-06-20T19:26:06.735021] Company: SBIN, Year: 2018-03, Metric: eps_cagr_3yr, Issue: CAGR flag: DECLINE_TO_LOSS (start=23.0, end=-5.0)
[2026-06-20T19:26:06.737209] Company: SBIN, Year: 2018-03, Metric: eps_cagr_5yr, Issue: CAGR flag: DECLINE_TO_LOSS (start=26.0, end=-5.0)
[2026-06-20T19:26:06.762163] Company: SBIN, Year: 2020-03, Metric: net_profit_cagr_3yr, Issue: CAGR flag: TURNAROUND (start=-97, end=21140)
[2026-06-20T19:26:06.767177] Company: SBIN, Year: 2020-03, Metric: eps_cagr_3yr, Issue: CAGR flag: ZERO_BASE (start=0.0, end=22.0)
[2026-06-20T19:26:06.777691] Company: SBIN, Year: 2021-03, Metric: net_profit_cagr_3yr, Issue: CAGR flag: TURNAROUND (start=-3749, end=23888)
[2026-06-20T19:26:06.782177] Company: SBIN, Year: 2021-03, Metric: eps_cagr_3yr, Issue: CAGR flag: TURNAROUND (start=-5.0, end=25.0)
[2026-06-20T19:26:06.793912] Company: SBIN, Year: 2022-03, Metric: net_profit_cagr_5yr, Issue: CAGR flag: TURNAROUND (start=-97, end=37183)
[2026-06-20T19:26:06.798449] Company: SBIN, Year: 2022-03, Metric: eps_cagr_5yr, Issue: CAGR flag: ZERO_BASE (start=0.0, end=40.0)
[2026-06-20T19:26:06.809466] Company: SBIN, Year: 2023-03, Metric: net_profit_cagr_5yr, Issue: CAGR flag: TURNAROUND (start=-3749, end=57750)
[2026-06-20T19:26:06.814504] Company: SBIN, Year: 2023-03, Metric: eps_cagr_5yr, Issue: CAGR flag: TURNAROUND (start=-5.0, end=62.0)
[2026-06-20T19:26:07.547577] Company: TATACONSUM, Year: 2016-03, Metric: net_profit_cagr_3yr, Issue: CAGR flag: DECLINE_TO_LOSS (start=445, end=-37)
[2026-06-20T19:26:07.552575] Company: TATACONSUM, Year: 2016-03, Metric: eps_cagr_3yr, Issue: CAGR flag: DECLINE_TO_LOSS (start=6.0, end=0.0)
[2026-06-20T19:26:07.595228] Company: TATACONSUM, Year: 2019-03, Metric: net_profit_cagr_3yr, Issue: CAGR flag: TURNAROUND (start=-37, end=457)
[2026-06-20T19:26:07.599943] Company: TATACONSUM, Year: 2019-03, Metric: eps_cagr_3yr, Issue: CAGR flag: ZERO_BASE (start=0.0, end=6.0)
[2026-06-20T19:26:07.627171] Company: TATACONSUM, Year: 2021-03, Metric: net_profit_cagr_5yr, Issue: CAGR flag: TURNAROUND (start=-37, end=930)
[2026-06-20T19:26:07.631808] Company: TATACONSUM, Year: 2021-03, Metric: eps_cagr_5yr, Issue: CAGR flag: ZERO_BASE (start=0.0, end=9.0)
[2026-06-20T19:26:07.769835] Company: TATAMOTORS, Year: 2019-03, Metric: net_profit_cagr_3yr, Issue: CAGR flag: DECLINE_TO_LOSS (start=11678, end=-28724)
[2026-06-20T19:26:07.772730] Company: TATAMOTORS, Year: 2019-03, Metric: net_profit_cagr_5yr, Issue: CAGR flag: DECLINE_TO_LOSS (start=14050, end=-28724)
[2026-06-20T19:26:07.775824] Company: TATAMOTORS, Year: 2019-03, Metric: eps_cagr_3yr, Issue: CAGR flag: DECLINE_TO_LOSS (start=40.0, end=-100.0)
[2026-06-20T19:26:07.778447] Company: TATAMOTORS, Year: 2019-03, Metric: eps_cagr_5yr, Issue: CAGR flag: DECLINE_TO_LOSS (start=48.0, end=-100.0)
[2026-06-20T19:26:07.788222] Company: TATAMOTORS, Year: 2020-03, Metric: net_profit_cagr_3yr, Issue: CAGR flag: DECLINE_TO_LOSS (start=7557, end=-11975)
[2026-06-20T19:26:07.790225] Company: TATAMOTORS, Year: 2020-03, Metric: net_profit_cagr_5yr, Issue: CAGR flag: DECLINE_TO_LOSS (start=14073, end=-11975)
[2026-06-20T19:26:07.794224] Company: TATAMOTORS, Year: 2020-03, Metric: eps_cagr_3yr, Issue: CAGR flag: DECLINE_TO_LOSS (start=26.0, end=-39.0)
[2026-06-20T19:26:07.796224] Company: TATAMOTORS, Year: 2020-03, Metric: eps_cagr_5yr, Issue: CAGR flag: DECLINE_TO_LOSS (start=48.0, end=-39.0)
[2026-06-20T19:26:07.805753] Company: TATAMOTORS, Year: 2021-03, Metric: net_profit_cagr_3yr, Issue: CAGR flag: DECLINE_TO_LOSS (start=9091, end=-13395)
[2026-06-20T19:26:07.808752] Company: TATAMOTORS, Year: 2021-03, Metric: net_profit_cagr_5yr, Issue: CAGR flag: DECLINE_TO_LOSS (start=11678, end=-13395)
[2026-06-20T19:26:07.811752] Company: TATAMOTORS, Year: 2021-03, Metric: eps_cagr_3yr, Issue: CAGR flag: DECLINE_TO_LOSS (start=31.0, end=-41.0)
[2026-06-20T19:26:07.813767] Company: TATAMOTORS, Year: 2021-03, Metric: eps_cagr_5yr, Issue: CAGR flag: DECLINE_TO_LOSS (start=40.0, end=-41.0)
[2026-06-20T19:26:07.823930] Company: TATAMOTORS, Year: 2022-03, Metric: net_profit_cagr_3yr, Issue: CAGR flag: BOTH_NEGATIVE (start=-28724, end=-11309)
[2026-06-20T19:26:07.825940] Company: TATAMOTORS, Year: 2022-03, Metric: net_profit_cagr_5yr, Issue: CAGR flag: DECLINE_TO_LOSS (start=7557, end=-11309)
[2026-06-20T19:26:07.829471] Company: TATAMOTORS, Year: 2022-03, Metric: eps_cagr_3yr, Issue: CAGR flag: BOTH_NEGATIVE (start=-100.0, end=-34.0)
[2026-06-20T19:26:07.831467] Company: TATAMOTORS, Year: 2022-03, Metric: eps_cagr_5yr, Issue: CAGR flag: DECLINE_TO_LOSS (start=26.0, end=-34.0)
[2026-06-20T19:26:07.842134] Company: TATAMOTORS, Year: 2023-03, Metric: net_profit_cagr_3yr, Issue: CAGR flag: TURNAROUND (start=-11975, end=2690)
[2026-06-20T19:26:07.846142] Company: TATAMOTORS, Year: 2023-03, Metric: eps_cagr_3yr, Issue: CAGR flag: TURNAROUND (start=-39.0, end=7.0)
[2026-06-20T19:26:07.857147] Company: TATAMOTORS, Year: 2024-03, Metric: net_profit_cagr_3yr, Issue: CAGR flag: TURNAROUND (start=-13395, end=31807)
[2026-06-20T19:26:07.859149] Company: TATAMOTORS, Year: 2024-03, Metric: net_profit_cagr_5yr, Issue: CAGR flag: TURNAROUND (start=-28724, end=31807)
[2026-06-20T19:26:07.862141] Company: TATAMOTORS, Year: 2024-03, Metric: eps_cagr_3yr, Issue: CAGR flag: TURNAROUND (start=-41.0, end=94.0)
[2026-06-20T19:26:07.864155] Company: TATAMOTORS, Year: 2024-03, Metric: eps_cagr_5yr, Issue: CAGR flag: TURNAROUND (start=-100.0, end=94.0)
[2026-06-20T19:26:07.926584] Company: TATAPOWER, Year: 2016-03, Metric: eps_cagr_3yr, Issue: CAGR flag: ZERO_BASE (start=0.0, end=2.0)
[2026-06-20T19:26:07.941731] Company: TATAPOWER, Year: 2017-03, Metric: eps_cagr_3yr, Issue: CAGR flag: TURNAROUND (start=-1.0, end=3.0)
[2026-06-20T19:26:07.956726] Company: TATAPOWER, Year: 2018-03, Metric: eps_cagr_5yr, Issue: CAGR flag: ZERO_BASE (start=0.0, end=9.0)
[2026-06-20T19:26:07.971755] Company: TATAPOWER, Year: 2019-03, Metric: eps_cagr_5yr, Issue: CAGR flag: TURNAROUND (start=-1.0, end=9.0)
[2026-06-20T19:26:08.028624] Company: TATAPOWER, Year: 2023-03, Metric: eps_cagr_10yr, Issue: CAGR flag: ZERO_BASE (start=0.0, end=10.0)
[2026-06-20T19:26:08.044371] Company: TATAPOWER, Year: 2024-03, Metric: eps_cagr_10yr, Issue: CAGR flag: TURNAROUND (start=-1.0, end=12.0)
[2026-06-20T19:26:08.104668] Company: TATASTEEL, Year: 2016-03, Metric: net_profit_cagr_3yr, Issue: CAGR flag: BOTH_NEGATIVE (start=-7272, end=-497)
[2026-06-20T19:26:08.110581] Company: TATASTEEL, Year: 2016-03, Metric: eps_cagr_3yr, Issue: CAGR flag: ERROR (start=-6.0, end=0.0)
[2026-06-20T19:26:08.123605] Company: TATASTEEL, Year: 2017-03, Metric: net_profit_cagr_3yr, Issue: CAGR flag: DECLINE_TO_LOSS (start=3665, end=-4169)
[2026-06-20T19:26:08.128310] Company: TATASTEEL, Year: 2017-03, Metric: eps_cagr_3yr, Issue: CAGR flag: DECLINE_TO_LOSS (start=3.0, end=-4.0)
[2026-06-20T19:26:08.139256] Company: TATASTEEL, Year: 2018-03, Metric: net_profit_cagr_3yr, Issue: CAGR flag: TURNAROUND (start=-3939, end=17743)
[2026-06-20T19:26:08.141320] Company: TATASTEEL, Year: 2018-03, Metric: net_profit_cagr_5yr, Issue: CAGR flag: TURNAROUND (start=-7272, end=17743)
[2026-06-20T19:26:08.144361] Company: TATASTEEL, Year: 2018-03, Metric: eps_cagr_3yr, Issue: CAGR flag: TURNAROUND (start=-3.0, end=12.0)
[2026-06-20T19:26:08.147364] Company: TATASTEEL, Year: 2018-03, Metric: eps_cagr_5yr, Issue: CAGR flag: TURNAROUND (start=-6.0, end=12.0)
[2026-06-20T19:26:08.157367] Company: TATASTEEL, Year: 2019-03, Metric: net_profit_cagr_3yr, Issue: CAGR flag: TURNAROUND (start=-497, end=9122)
[2026-06-20T19:26:08.161360] Company: TATASTEEL, Year: 2019-03, Metric: eps_cagr_3yr, Issue: CAGR flag: ZERO_BASE (start=0.0, end=9.0)
[2026-06-20T19:26:08.172469] Company: TATASTEEL, Year: 2020-03, Metric: net_profit_cagr_3yr, Issue: CAGR flag: TURNAROUND (start=-4169, end=1174)
[2026-06-20T19:26:08.174461] Company: TATASTEEL, Year: 2020-03, Metric: net_profit_cagr_5yr, Issue: CAGR flag: TURNAROUND (start=-3939, end=1174)
[2026-06-20T19:26:08.178105] Company: TATASTEEL, Year: 2020-03, Metric: eps_cagr_3yr, Issue: CAGR flag: TURNAROUND (start=-4.0, end=1.0)
[2026-06-20T19:26:08.180224] Company: TATASTEEL, Year: 2020-03, Metric: eps_cagr_5yr, Issue: CAGR flag: TURNAROUND (start=-3.0, end=1.0)
[2026-06-20T19:26:08.191193] Company: TATASTEEL, Year: 2021-03, Metric: net_profit_cagr_5yr, Issue: CAGR flag: TURNAROUND (start=-497, end=8190)
[2026-06-20T19:26:08.195190] Company: TATASTEEL, Year: 2021-03, Metric: eps_cagr_5yr, Issue: CAGR flag: ZERO_BASE (start=0.0, end=6.0)
[2026-06-20T19:26:08.206812] Company: TATASTEEL, Year: 2022-03, Metric: net_profit_cagr_5yr, Issue: CAGR flag: TURNAROUND (start=-4169, end=41749)
[2026-06-20T19:26:08.211813] Company: TATASTEEL, Year: 2022-03, Metric: eps_cagr_5yr, Issue: CAGR flag: TURNAROUND (start=-4.0, end=33.0)
[2026-06-20T19:26:08.223922] Company: TATASTEEL, Year: 2023-03, Metric: net_profit_cagr_10yr, Issue: CAGR flag: TURNAROUND (start=-7272, end=8075)
[2026-06-20T19:26:08.228646] Company: TATASTEEL, Year: 2023-03, Metric: eps_cagr_10yr, Issue: CAGR flag: TURNAROUND (start=-6.0, end=7.0)
[2026-06-20T19:26:08.237258] Company: TATASTEEL, Year: 2024-03, Metric: net_profit_cagr_3yr, Issue: CAGR flag: DECLINE_TO_LOSS (start=8190, end=-4910)
[2026-06-20T19:26:08.239263] Company: TATASTEEL, Year: 2024-03, Metric: net_profit_cagr_5yr, Issue: CAGR flag: DECLINE_TO_LOSS (start=9122, end=-4910)
[2026-06-20T19:26:08.241256] Company: TATASTEEL, Year: 2024-03, Metric: net_profit_cagr_10yr, Issue: CAGR flag: DECLINE_TO_LOSS (start=3665, end=-4910)
[2026-06-20T19:26:08.243260] Company: TATASTEEL, Year: 2024-03, Metric: eps_cagr_3yr, Issue: CAGR flag: DECLINE_TO_LOSS (start=6.0, end=-4.0)
[2026-06-20T19:26:08.245216] Company: TATASTEEL, Year: 2024-03, Metric: eps_cagr_5yr, Issue: CAGR flag: DECLINE_TO_LOSS (start=9.0, end=-4.0)
[2026-06-20T19:26:08.247215] Company: TATASTEEL, Year: 2024-03, Metric: eps_cagr_10yr, Issue: CAGR flag: DECLINE_TO_LOSS (start=3.0, end=-4.0)
[2026-06-20T19:26:09.097934] Company: TRENT, Year: 2016-03, Metric: net_profit_cagr_3yr, Issue: CAGR flag: TURNAROUND (start=-27, end=55)
[2026-06-20T19:26:09.102549] Company: TRENT, Year: 2016-03, Metric: eps_cagr_3yr, Issue: CAGR flag: TURNAROUND (start=-1.0, end=2.0)
[2026-06-20T19:26:09.113582] Company: TRENT, Year: 2017-03, Metric: net_profit_cagr_3yr, Issue: CAGR flag: TURNAROUND (start=-19, end=85)
[2026-06-20T19:26:09.119677] Company: TRENT, Year: 2017-03, Metric: eps_cagr_3yr, Issue: CAGR flag: TURNAROUND (start=-1.0, end=3.0)
[2026-06-20T19:26:09.138145] Company: TRENT, Year: 2018-03, Metric: net_profit_cagr_5yr, Issue: CAGR flag: TURNAROUND (start=-27, end=87)
[2026-06-20T19:26:09.145041] Company: TRENT, Year: 2018-03, Metric: eps_cagr_5yr, Issue: CAGR flag: TURNAROUND (start=-1.0, end=3.0)
[2026-06-20T19:26:09.160949] Company: TRENT, Year: 2019-03, Metric: net_profit_cagr_5yr, Issue: CAGR flag: TURNAROUND (start=-19, end=95)
[2026-06-20T19:26:09.166972] Company: TRENT, Year: 2019-03, Metric: eps_cagr_5yr, Issue: CAGR flag: TURNAROUND (start=-1.0, end=3.0)
[2026-06-20T19:26:09.197523] Company: TRENT, Year: 2021-03, Metric: net_profit_cagr_3yr, Issue: CAGR flag: DECLINE_TO_LOSS (start=87, end=-181)
[2026-06-20T19:26:09.200526] Company: TRENT, Year: 2021-03, Metric: net_profit_cagr_5yr, Issue: CAGR flag: DECLINE_TO_LOSS (start=55, end=-181)
[2026-06-20T19:26:09.204215] Company: TRENT, Year: 2021-03, Metric: eps_cagr_3yr, Issue: CAGR flag: DECLINE_TO_LOSS (start=3.0, end=-4.0)
[2026-06-20T19:26:09.206134] Company: TRENT, Year: 2021-03, Metric: eps_cagr_5yr, Issue: CAGR flag: DECLINE_TO_LOSS (start=2.0, end=-4.0)
[2026-06-20T19:26:09.234243] Company: TRENT, Year: 2023-03, Metric: net_profit_cagr_10yr, Issue: CAGR flag: TURNAROUND (start=-27, end=394)
[2026-06-20T19:26:09.238046] Company: TRENT, Year: 2023-03, Metric: eps_cagr_10yr, Issue: CAGR flag: TURNAROUND (start=-1.0, end=13.0)
[2026-06-20T19:26:09.247044] Company: TRENT, Year: 2024-03, Metric: net_profit_cagr_3yr, Issue: CAGR flag: TURNAROUND (start=-181, end=1477)
[2026-06-20T19:26:09.250044] Company: TRENT, Year: 2024-03, Metric: net_profit_cagr_10yr, Issue: CAGR flag: TURNAROUND (start=-19, end=1477)
[2026-06-20T19:26:09.252028] Company: TRENT, Year: 2024-03, Metric: eps_cagr_3yr, Issue: CAGR flag: TURNAROUND (start=-4.0, end=42.0)
[2026-06-20T19:26:09.256045] Company: TRENT, Year: 2024-03, Metric: eps_cagr_10yr, Issue: CAGR flag: TURNAROUND (start=-1.0, end=42.0)
